2022-06-12 00:10:40,026 DEBUG [HttpClient-1-SelectorManager] debug: [HttpClient-1-SelectorManager] [3713s 493ms] HttpClientImpl(1) next timeout: 0
2022-06-12 00:10:40,083 DEBUG [HttpClient-1-SelectorManager] debug: [HttpClient-1-SelectorManager] [3713s 550ms] HttpClientImpl(1) next expired: 0
2022-06-12 00:10:40,084 DEBUG [HttpClient-1-SelectorManager] debug: [HttpClient-1-SelectorManager] [3713s 551ms] HttpClientImpl(1) Next deadline is 3000
2022-06-12 00:10:43,092 DEBUG [HttpClient-1-SelectorManager] debug: [HttpClient-1-SelectorManager] [3716s 555ms] HttpClientImpl(1) next timeout: 0
2022-06-12 00:10:43,094 DEBUG [HttpClient-1-SelectorManager] debug: [HttpClient-1-SelectorManager] [3716s 557ms] HttpClientImpl(1) next expired: 0
2022-06-12 00:10:43,094 DEBUG [HttpClient-1-SelectorManager] debug: [HttpClient-1-SelectorManager] [3716s 557ms] HttpClientImpl(1) Next deadline is 3000
2022-06-12 00:10:44,478 WARN  [Hikari housekeeper] HikariPool: Hikari - Thread starvation or clock leap detected (housekeeper delta=47m23s569ms).
2022-06-12 00:27:51,675 DEBUG [HttpClient-1-SelectorManager] debug: [HttpClient-1-SelectorManager] [3719s 559ms] HttpClientImpl(1) next timeout: 0
2022-06-12 00:27:51,676 DEBUG [HttpClient-1-SelectorManager] debug: [HttpClient-1-SelectorManager] [3719s 561ms] HttpClientImpl(1) next expired: 0
2022-06-12 00:27:51,677 DEBUG [HttpClient-1-SelectorManager] debug: [HttpClient-1-SelectorManager] [3719s 561ms] HttpClientImpl(1) Next deadline is 3000
2022-06-12 00:27:54,679 DEBUG [HttpClient-1-SelectorManager] debug: [HttpClient-1-SelectorManager] [3722s 563ms] HttpClientImpl(1) next timeout: 0
2022-06-12 00:27:54,679 DEBUG [HttpClient-1-SelectorManager] debug: [HttpClient-1-SelectorManager] [3722s 564ms] HttpClientImpl(1) next expired: 0
2022-06-12 00:27:54,679 DEBUG [HttpClient-1-SelectorManager] debug: [HttpClient-1-SelectorManager] [3722s 564ms] HttpClientImpl(1) Next deadline is 3000
2022-06-12 00:27:57,679 DEBUG [HttpClient-1-SelectorManager] debug: [HttpClient-1-SelectorManager] [3725s 567ms] HttpClientImpl(1) next timeout: 0
2022-06-12 00:27:57,679 DEBUG [HttpClient-1-SelectorManager] debug: [HttpClient-1-SelectorManager] [3725s 567ms] HttpClientImpl(1) next expired: 0
2022-06-12 00:27:57,679 DEBUG [HttpClient-1-SelectorManager] debug: [HttpClient-1-SelectorManager] [3725s 567ms] HttpClientImpl(1) Next deadline is 3000
2022-06-12 00:45:06,093 DEBUG [HttpClient-1-SelectorManager] debug: [HttpClient-1-SelectorManager] [3728s 569ms] HttpClientImpl(1) next timeout: 0
2022-06-12 00:45:06,094 DEBUG [HttpClient-1-SelectorManager] debug: [HttpClient-1-SelectorManager] [3728s 570ms] HttpClientImpl(1) next expired: 0
2022-06-12 00:45:06,094 DEBUG [HttpClient-1-SelectorManager] debug: [HttpClient-1-SelectorManager] [3728s 570ms] HttpClientImpl(1) Next deadline is 3000
2022-06-12 00:45:09,093 DEBUG [HttpClient-1-SelectorManager] debug: [HttpClient-1-SelectorManager] [3731s 571ms] HttpClientImpl(1) next timeout: 0
2022-06-12 00:45:09,094 DEBUG [HttpClient-1-SelectorManager] debug: [HttpClient-1-SelectorManager] [3731s 572ms] HttpClientImpl(1) next expired: 0
2022-06-12 00:45:09,094 DEBUG [HttpClient-1-SelectorManager] debug: [HttpClient-1-SelectorManager] [3731s 573ms] HttpClientImpl(1) Next deadline is 3000
2022-06-12 01:00:15,096 DEBUG [HttpClient-1-SelectorManager] debug: [HttpClient-1-SelectorManager] [3734s 575ms] HttpClientImpl(1) next timeout: 0
2022-06-12 01:00:15,096 DEBUG [HttpClient-1-SelectorManager] debug: [HttpClient-1-SelectorManager] [3734s 576ms] HttpClientImpl(1) next expired: 0
2022-06-12 01:00:15,096 DEBUG [HttpClient-1-SelectorManager] debug: [HttpClient-1-SelectorManager] [3734s 576ms] HttpClientImpl(1) Next deadline is 3000
2022-06-12 01:00:18,095 DEBUG [HttpClient-1-SelectorManager] debug: [HttpClient-1-SelectorManager] [3737s 578ms] HttpClientImpl(1) next timeout: 0
2022-06-12 01:00:18,096 DEBUG [HttpClient-1-SelectorManager] debug: [HttpClient-1-SelectorManager] [3737s 580ms] HttpClientImpl(1) next expired: 0
2022-06-12 01:00:18,097 DEBUG [HttpClient-1-SelectorManager] debug: [HttpClient-1-SelectorManager] [3737s 580ms] HttpClientImpl(1) Next deadline is 3000
2022-06-12 01:00:21,094 DEBUG [HttpClient-1-SelectorManager] debug: [HttpClient-1-SelectorManager] [3740s 582ms] HttpClientImpl(1) next timeout: 0
2022-06-12 01:00:21,100 DEBUG [HttpClient-1-SelectorManager] debug: [HttpClient-1-SelectorManager] [3740s 588ms] HttpClientImpl(1) next expired: 0
2022-06-12 01:00:21,100 DEBUG [HttpClient-1-SelectorManager] debug: [HttpClient-1-SelectorManager] [3740s 588ms] HttpClientImpl(1) Next deadline is 3000
2022-06-12 01:00:24,099 DEBUG [HttpClient-1-SelectorManager] debug: [HttpClient-1-SelectorManager] [3743s 591ms] HttpClientImpl(1) next timeout: 0
2022-06-12 01:00:24,100 DEBUG [HttpClient-1-SelectorManager] debug: [HttpClient-1-SelectorManager] [3743s 592ms] HttpClientImpl(1) next expired: 0
2022-06-12 01:00:24,100 DEBUG [HttpClient-1-SelectorManager] debug: [HttpClient-1-SelectorManager] [3743s 592ms] HttpClientImpl(1) Next deadline is 3000
2022-06-12 01:16:55,397 DEBUG [HttpClient-1-SelectorManager] debug: [HttpClient-1-SelectorManager] [3746s 595ms] HttpClientImpl(1) next timeout: 0
2022-06-12 01:16:55,398 DEBUG [HttpClient-1-SelectorManager] debug: [HttpClient-1-SelectorManager] [3746s 596ms] HttpClientImpl(1) next expired: 0
2022-06-12 01:16:55,398 DEBUG [HttpClient-1-SelectorManager] debug: [HttpClient-1-SelectorManager] [3746s 596ms] HttpClientImpl(1) Next deadline is 3000
2022-06-12 01:16:56,749 WARN  [Hikari housekeeper] HikariPool: Hikari - Thread starvation or clock leap detected (housekeeper delta=1h6m12s272ms).
2022-06-12 01:16:58,394 DEBUG [HttpClient-1-SelectorManager] debug: [HttpClient-1-SelectorManager] [3749s 599ms] HttpClientImpl(1) next timeout: 0
2022-06-12 01:16:58,394 DEBUG [HttpClient-1-SelectorManager] debug: [HttpClient-1-SelectorManager] [3749s 599ms] HttpClientImpl(1) next expired: 0
2022-06-12 01:16:58,395 DEBUG [HttpClient-1-SelectorManager] debug: [HttpClient-1-SelectorManager] [3749s 599ms] HttpClientImpl(1) Next deadline is 3000
2022-06-12 01:33:52,087 DEBUG [HttpClient-1-SelectorManager] debug: [HttpClient-1-SelectorManager] [3752s 602ms] HttpClientImpl(1) next timeout: 0
2022-06-12 01:33:52,088 DEBUG [HttpClient-1-SelectorManager] debug: [HttpClient-1-SelectorManager] [3752s 603ms] HttpClientImpl(1) next expired: 0
2022-06-12 01:33:52,088 DEBUG [HttpClient-1-SelectorManager] debug: [HttpClient-1-SelectorManager] [3752s 603ms] HttpClientImpl(1) Next deadline is 3000
2022-06-12 01:33:55,089 DEBUG [HttpClient-1-SelectorManager] debug: [HttpClient-1-SelectorManager] [3755s 605ms] HttpClientImpl(1) next timeout: 0
2022-06-12 01:33:55,090 DEBUG [HttpClient-1-SelectorManager] debug: [HttpClient-1-SelectorManager] [3755s 607ms] HttpClientImpl(1) next expired: 0
2022-06-12 01:33:55,090 DEBUG [HttpClient-1-SelectorManager] debug: [HttpClient-1-SelectorManager] [3755s 607ms] HttpClientImpl(1) Next deadline is 3000
2022-06-12 01:50:59,027 DEBUG [HttpClient-1-SelectorManager] debug: [HttpClient-1-SelectorManager] [3758s 797ms] HttpClientImpl(1) next timeout: 0
2022-06-12 01:50:59,028 DEBUG [HttpClient-1-SelectorManager] debug: [HttpClient-1-SelectorManager] [3758s 798ms] HttpClientImpl(1) next expired: 0
2022-06-12 01:50:59,028 DEBUG [HttpClient-1-SelectorManager] debug: [HttpClient-1-SelectorManager] [3758s 798ms] HttpClientImpl(1) Next deadline is 3000
2022-06-12 01:51:02,033 DEBUG [HttpClient-1-SelectorManager] debug: [HttpClient-1-SelectorManager] [3761s 800ms] HttpClientImpl(1) next timeout: 0
2022-06-12 01:51:02,033 DEBUG [HttpClient-1-SelectorManager] debug: [HttpClient-1-SelectorManager] [3761s 801ms] HttpClientImpl(1) next expired: 0
2022-06-12 01:51:02,033 DEBUG [HttpClient-1-SelectorManager] debug: [HttpClient-1-SelectorManager] [3761s 801ms] HttpClientImpl(1) Next deadline is 3000
2022-06-12 01:51:05,039 DEBUG [HttpClient-1-SelectorManager] debug: [HttpClient-1-SelectorManager] [3764s 803ms] HttpClientImpl(1) next timeout: 0
2022-06-12 01:51:05,040 DEBUG [HttpClient-1-SelectorManager] debug: [HttpClient-1-SelectorManager] [3764s 805ms] HttpClientImpl(1) next expired: 0
2022-06-12 01:51:05,040 DEBUG [HttpClient-1-SelectorManager] debug: [HttpClient-1-SelectorManager] [3764s 805ms] HttpClientImpl(1) Next deadline is 3000
2022-06-12 02:06:32,533 DEBUG [HttpClient-1-SelectorManager] debug: [HttpClient-1-SelectorManager] [3767s 808ms] HttpClientImpl(1) next timeout: 0
2022-06-12 02:06:32,534 DEBUG [HttpClient-1-SelectorManager] debug: [HttpClient-1-SelectorManager] [3767s 809ms] HttpClientImpl(1) next expired: 0
2022-06-12 02:06:32,534 DEBUG [HttpClient-1-SelectorManager] debug: [HttpClient-1-SelectorManager] [3767s 809ms] HttpClientImpl(1) Next deadline is 3000
2022-06-12 02:06:35,529 DEBUG [HttpClient-1-SelectorManager] debug: [HttpClient-1-SelectorManager] [3770s 810ms] HttpClientImpl(1) next timeout: 0
2022-06-12 02:06:35,529 DEBUG [HttpClient-1-SelectorManager] debug: [HttpClient-1-SelectorManager] [3770s 811ms] HttpClientImpl(1) next expired: 0
2022-06-12 02:06:35,530 DEBUG [HttpClient-1-SelectorManager] debug: [HttpClient-1-SelectorManager] [3770s 811ms] HttpClientImpl(1) Next deadline is 3000
2022-06-12 02:23:46,783 DEBUG [HttpClient-1-SelectorManager] debug: [HttpClient-1-SelectorManager] [3773s 815ms] HttpClientImpl(1) next timeout: 0
2022-06-12 02:23:46,800 DEBUG [HttpClient-1-SelectorManager] debug: [HttpClient-1-SelectorManager] [3773s 831ms] HttpClientImpl(1) next expired: 0
2022-06-12 02:23:46,800 DEBUG [HttpClient-1-SelectorManager] debug: [HttpClient-1-SelectorManager] [3773s 832ms] HttpClientImpl(1) Next deadline is 3000
2022-06-12 02:23:49,802 DEBUG [HttpClient-1-SelectorManager] debug: [HttpClient-1-SelectorManager] [3776s 833ms] HttpClientImpl(1) next timeout: 0
2022-06-12 02:23:49,803 DEBUG [HttpClient-1-SelectorManager] debug: [HttpClient-1-SelectorManager] [3776s 834ms] HttpClientImpl(1) next expired: 0
2022-06-12 02:23:49,803 DEBUG [HttpClient-1-SelectorManager] debug: [HttpClient-1-SelectorManager] [3776s 835ms] HttpClientImpl(1) Next deadline is 3000
2022-06-12 02:41:41,384 WARN  [Hikari housekeeper] HikariPool: Hikari - Thread starvation or clock leap detected (housekeeper delta=1h24m44s635ms).
2022-06-12 02:41:43,263 DEBUG [HttpClient-1-SelectorManager] debug: [HttpClient-1-SelectorManager] [3779s 838ms] HttpClientImpl(1) next timeout: 0
2022-06-12 02:41:43,264 DEBUG [HttpClient-1-SelectorManager] debug: [HttpClient-1-SelectorManager] [3779s 839ms] HttpClientImpl(1) next expired: 0
2022-06-12 02:41:43,264 DEBUG [HttpClient-1-SelectorManager] debug: [HttpClient-1-SelectorManager] [3779s 839ms] HttpClientImpl(1) Next deadline is 3000
2022-06-12 02:41:46,272 DEBUG [HttpClient-1-SelectorManager] debug: [HttpClient-1-SelectorManager] [3782s 841ms] HttpClientImpl(1) next timeout: 0
2022-06-12 02:41:46,273 DEBUG [HttpClient-1-SelectorManager] debug: [HttpClient-1-SelectorManager] [3782s 842ms] HttpClientImpl(1) next expired: 0
2022-06-12 02:41:46,273 DEBUG [HttpClient-1-SelectorManager] debug: [HttpClient-1-SelectorManager] [3782s 842ms] HttpClientImpl(1) Next deadline is 3000
2022-06-12 02:58:38,730 DEBUG [HttpClient-1-SelectorManager] debug: [HttpClient-1-SelectorManager] [3785s 845ms] HttpClientImpl(1) next timeout: 0
2022-06-12 02:58:38,757 DEBUG [HttpClient-1-SelectorManager] debug: [HttpClient-1-SelectorManager] [3785s 872ms] HttpClientImpl(1) next expired: 0
2022-06-12 02:58:38,759 DEBUG [HttpClient-1-SelectorManager] debug: [HttpClient-1-SelectorManager] [3785s 874ms] HttpClientImpl(1) Next deadline is 3000
2022-06-12 02:58:41,765 DEBUG [HttpClient-1-SelectorManager] debug: [HttpClient-1-SelectorManager] [3788s 877ms] HttpClientImpl(1) next timeout: 0
2022-06-12 02:58:41,769 DEBUG [HttpClient-1-SelectorManager] debug: [HttpClient-1-SelectorManager] [3788s 880ms] HttpClientImpl(1) next expired: 0
2022-06-12 02:58:41,771 DEBUG [HttpClient-1-SelectorManager] debug: [HttpClient-1-SelectorManager] [3788s 883ms] HttpClientImpl(1) Next deadline is 3000
2022-06-12 02:58:44,795 DEBUG [HttpClient-1-SelectorManager] debug: [HttpClient-1-SelectorManager] [3791s 902ms] HttpClientImpl(1) next timeout: 0
2022-06-12 02:58:44,795 DEBUG [HttpClient-1-SelectorManager] debug: [HttpClient-1-SelectorManager] [3791s 902ms] HttpClientImpl(1) next expired: 0
2022-06-12 02:58:44,796 DEBUG [HttpClient-1-SelectorManager] debug: [HttpClient-1-SelectorManager] [3791s 903ms] HttpClientImpl(1) Next deadline is 3000
2022-06-12 03:14:48,134 DEBUG [HttpClient-1-SelectorManager] debug: [HttpClient-1-SelectorManager] [3794s 906ms] HttpClientImpl(1) next timeout: 0
2022-06-12 03:14:48,135 DEBUG [HttpClient-1-SelectorManager] debug: [HttpClient-1-SelectorManager] [3794s 907ms] HttpClientImpl(1) next expired: 0
2022-06-12 03:14:48,135 DEBUG [HttpClient-1-SelectorManager] debug: [HttpClient-1-SelectorManager] [3794s 907ms] HttpClientImpl(1) Next deadline is 3000
2022-06-12 03:14:51,141 DEBUG [HttpClient-1-SelectorManager] debug: [HttpClient-1-SelectorManager] [3797s 910ms] HttpClientImpl(1) next timeout: 0
2022-06-12 03:14:51,142 DEBUG [HttpClient-1-SelectorManager] debug: [HttpClient-1-SelectorManager] [3797s 911ms] HttpClientImpl(1) next expired: 0
2022-06-12 03:14:51,142 DEBUG [HttpClient-1-SelectorManager] debug: [HttpClient-1-SelectorManager] [3797s 911ms] HttpClientImpl(1) Next deadline is 3000
2022-06-12 03:31:00,863 DEBUG [HttpClient-1-SelectorManager] debug: [HttpClient-1-SelectorManager] [3800s 914ms] HttpClientImpl(1) next timeout: 0
2022-06-12 03:31:00,864 DEBUG [HttpClient-1-SelectorManager] debug: [HttpClient-1-SelectorManager] [3800s 915ms] HttpClientImpl(1) next expired: 0
2022-06-12 03:31:00,864 DEBUG [HttpClient-1-SelectorManager] debug: [HttpClient-1-SelectorManager] [3800s 915ms] HttpClientImpl(1) Next deadline is 3000
2022-06-12 03:31:03,867 DEBUG [HttpClient-1-SelectorManager] debug: [HttpClient-1-SelectorManager] [3803s 918ms] HttpClientImpl(1) next timeout: 0
2022-06-12 03:31:03,868 DEBUG [HttpClient-1-SelectorManager] debug: [HttpClient-1-SelectorManager] [3803s 919ms] HttpClientImpl(1) next expired: 0
2022-06-12 03:31:03,868 DEBUG [HttpClient-1-SelectorManager] debug: [HttpClient-1-SelectorManager] [3803s 919ms] HttpClientImpl(1) Next deadline is 3000
2022-06-12 03:46:20,134 DEBUG [HttpClient-1-SelectorManager] debug: [HttpClient-1-SelectorManager] [3806s 929ms] HttpClientImpl(1) next timeout: 0
2022-06-12 03:46:20,135 DEBUG [HttpClient-1-SelectorManager] debug: [HttpClient-1-SelectorManager] [3806s 930ms] HttpClientImpl(1) next expired: 0
2022-06-12 03:46:20,136 DEBUG [HttpClient-1-SelectorManager] debug: [HttpClient-1-SelectorManager] [3806s 931ms] HttpClientImpl(1) Next deadline is 3000
2022-06-12 03:46:21,174 WARN  [Hikari housekeeper] HikariPool: Hikari - Thread starvation or clock leap detected (housekeeper delta=1h4m39s790ms).
2022-06-12 03:46:23,141 DEBUG [HttpClient-1-SelectorManager] debug: [HttpClient-1-SelectorManager] [3809s 934ms] HttpClientImpl(1) next timeout: 0
2022-06-12 03:46:23,142 DEBUG [HttpClient-1-SelectorManager] debug: [HttpClient-1-SelectorManager] [3809s 935ms] HttpClientImpl(1) next expired: 0
2022-06-12 03:46:23,142 DEBUG [HttpClient-1-SelectorManager] debug: [HttpClient-1-SelectorManager] [3809s 935ms] HttpClientImpl(1) Next deadline is 3000
2022-06-12 03:46:26,152 DEBUG [HttpClient-1-SelectorManager] debug: [HttpClient-1-SelectorManager] [3812s 940ms] HttpClientImpl(1) next timeout: 0
2022-06-12 03:46:26,153 DEBUG [HttpClient-1-SelectorManager] debug: [HttpClient-1-SelectorManager] [3812s 941ms] HttpClientImpl(1) next expired: 0
2022-06-12 03:46:26,153 DEBUG [HttpClient-1-SelectorManager] debug: [HttpClient-1-SelectorManager] [3812s 941ms] HttpClientImpl(1) Next deadline is 3000
2022-06-12 03:46:29,222 DEBUG [HttpClient-1-SelectorManager] debug: [HttpClient-1-SelectorManager] [3816s 4ms] HttpClientImpl(1) next timeout: 0
2022-06-12 03:46:29,223 DEBUG [HttpClient-1-SelectorManager] debug: [HttpClient-1-SelectorManager] [3816s 7ms] HttpClientImpl(1) next expired: 0
2022-06-12 03:46:29,223 DEBUG [HttpClient-1-SelectorManager] debug: [HttpClient-1-SelectorManager] [3816s 7ms] HttpClientImpl(1) Next deadline is 3000
2022-06-12 03:46:32,229 DEBUG [HttpClient-1-SelectorManager] debug: [HttpClient-1-SelectorManager] [3819s 9ms] HttpClientImpl(1) next timeout: 0
2022-06-12 03:46:32,230 DEBUG [HttpClient-1-SelectorManager] debug: [HttpClient-1-SelectorManager] [3819s 10ms] HttpClientImpl(1) next expired: 0
2022-06-12 03:46:32,230 DEBUG [HttpClient-1-SelectorManager] debug: [HttpClient-1-SelectorManager] [3819s 11ms] HttpClientImpl(1) Next deadline is 3000
2022-06-12 03:46:35,235 DEBUG [HttpClient-1-SelectorManager] debug: [HttpClient-1-SelectorManager] [3822s 13ms] HttpClientImpl(1) next timeout: 0
2022-06-12 03:46:35,236 DEBUG [HttpClient-1-SelectorManager] debug: [HttpClient-1-SelectorManager] [3822s 14ms] HttpClientImpl(1) next expired: 0
2022-06-12 03:46:35,236 DEBUG [HttpClient-1-SelectorManager] debug: [HttpClient-1-SelectorManager] [3822s 14ms] HttpClientImpl(1) Next deadline is 3000
2022-06-12 04:01:55,543 DEBUG [HttpClient-1-SelectorManager] debug: [HttpClient-1-SelectorManager] [3825s 16ms] HttpClientImpl(1) next timeout: 0
2022-06-12 04:01:55,544 DEBUG [HttpClient-1-SelectorManager] debug: [HttpClient-1-SelectorManager] [3825s 17ms] HttpClientImpl(1) next expired: 0
2022-06-12 04:01:55,544 DEBUG [HttpClient-1-SelectorManager] debug: [HttpClient-1-SelectorManager] [3825s 17ms] HttpClientImpl(1) Next deadline is 3000
2022-06-12 04:01:58,550 DEBUG [HttpClient-1-SelectorManager] debug: [HttpClient-1-SelectorManager] [3828s 20ms] HttpClientImpl(1) next timeout: 0
2022-06-12 04:01:58,551 DEBUG [HttpClient-1-SelectorManager] debug: [HttpClient-1-SelectorManager] [3828s 21ms] HttpClientImpl(1) next expired: 0
2022-06-12 04:01:58,558 DEBUG [HttpClient-1-SelectorManager] debug: [HttpClient-1-SelectorManager] [3828s 28ms] HttpClientImpl(1) Next deadline is 3000
2022-06-12 04:19:04,349 DEBUG [HttpClient-1-SelectorManager] debug: [HttpClient-1-SelectorManager] [3831s 32ms] HttpClientImpl(1) next timeout: 0
2022-06-12 04:19:04,350 DEBUG [HttpClient-1-SelectorManager] debug: [HttpClient-1-SelectorManager] [3831s 33ms] HttpClientImpl(1) next expired: 0
2022-06-12 04:19:04,350 DEBUG [HttpClient-1-SelectorManager] debug: [HttpClient-1-SelectorManager] [3831s 33ms] HttpClientImpl(1) Next deadline is 3000
2022-06-12 04:19:07,352 DEBUG [HttpClient-1-SelectorManager] debug: [HttpClient-1-SelectorManager] [3834s 35ms] HttpClientImpl(1) next timeout: 0
2022-06-12 04:19:07,353 DEBUG [HttpClient-1-SelectorManager] debug: [HttpClient-1-SelectorManager] [3834s 36ms] HttpClientImpl(1) next expired: 0
2022-06-12 04:19:07,353 DEBUG [HttpClient-1-SelectorManager] debug: [HttpClient-1-SelectorManager] [3834s 36ms] HttpClientImpl(1) Next deadline is 3000
2022-06-12 04:35:14,128 DEBUG [HttpClient-1-SelectorManager] debug: [HttpClient-1-SelectorManager] [3837s 38ms] HttpClientImpl(1) next timeout: 0
2022-06-12 04:35:14,138 DEBUG [HttpClient-1-SelectorManager] debug: [HttpClient-1-SelectorManager] [3837s 47ms] HttpClientImpl(1) next expired: 0
2022-06-12 04:35:14,139 DEBUG [HttpClient-1-SelectorManager] debug: [HttpClient-1-SelectorManager] [3837s 48ms] HttpClientImpl(1) Next deadline is 3000
2022-06-12 04:35:15,069 WARN  [Hikari housekeeper] HikariPool: Hikari - Thread starvation or clock leap detected (housekeeper delta=48m53s895ms).
2022-06-12 04:35:17,139 DEBUG [HttpClient-1-SelectorManager] debug: [HttpClient-1-SelectorManager] [3840s 51ms] HttpClientImpl(1) next timeout: 0
2022-06-12 04:35:17,140 DEBUG [HttpClient-1-SelectorManager] debug: [HttpClient-1-SelectorManager] [3840s 52ms] HttpClientImpl(1) next expired: 0
2022-06-12 04:35:17,140 DEBUG [HttpClient-1-SelectorManager] debug: [HttpClient-1-SelectorManager] [3840s 52ms] HttpClientImpl(1) Next deadline is 3000
2022-06-12 04:51:55,947 DEBUG [HttpClient-1-SelectorManager] debug: [HttpClient-1-SelectorManager] [3843s 172ms] HttpClientImpl(1) next timeout: 0
2022-06-12 04:51:55,948 DEBUG [HttpClient-1-SelectorManager] debug: [HttpClient-1-SelectorManager] [3843s 173ms] HttpClientImpl(1) next expired: 0
2022-06-12 04:51:55,948 DEBUG [HttpClient-1-SelectorManager] debug: [HttpClient-1-SelectorManager] [3843s 173ms] HttpClientImpl(1) Next deadline is 3000
2022-06-12 04:51:58,951 DEBUG [HttpClient-1-SelectorManager] debug: [HttpClient-1-SelectorManager] [3846s 176ms] HttpClientImpl(1) next timeout: 0
2022-06-12 04:51:58,954 DEBUG [HttpClient-1-SelectorManager] debug: [HttpClient-1-SelectorManager] [3846s 178ms] HttpClientImpl(1) next expired: 0
2022-06-12 04:51:58,955 DEBUG [HttpClient-1-SelectorManager] debug: [HttpClient-1-SelectorManager] [3846s 179ms] HttpClientImpl(1) Next deadline is 3000
2022-06-12 04:52:01,962 DEBUG [HttpClient-1-SelectorManager] debug: [HttpClient-1-SelectorManager] [3849s 182ms] HttpClientImpl(1) next timeout: 0
2022-06-12 04:52:01,963 DEBUG [HttpClient-1-SelectorManager] debug: [HttpClient-1-SelectorManager] [3849s 183ms] HttpClientImpl(1) next expired: 0
2022-06-12 04:52:01,964 DEBUG [HttpClient-1-SelectorManager] debug: [HttpClient-1-SelectorManager] [3849s 183ms] HttpClientImpl(1) Next deadline is 3000
2022-06-12 04:52:04,970 DEBUG [HttpClient-1-SelectorManager] debug: [HttpClient-1-SelectorManager] [3852s 186ms] HttpClientImpl(1) next timeout: 0
2022-06-12 04:52:04,971 DEBUG [HttpClient-1-SelectorManager] debug: [HttpClient-1-SelectorManager] [3852s 187ms] HttpClientImpl(1) next expired: 0
2022-06-12 04:52:04,971 DEBUG [HttpClient-1-SelectorManager] debug: [HttpClient-1-SelectorManager] [3852s 187ms] HttpClientImpl(1) Next deadline is 3000
2022-06-12 04:52:07,975 DEBUG [HttpClient-1-SelectorManager] debug: [HttpClient-1-SelectorManager] [3855s 188ms] HttpClientImpl(1) next timeout: 0
2022-06-12 04:52:07,976 DEBUG [HttpClient-1-SelectorManager] debug: [HttpClient-1-SelectorManager] [3855s 189ms] HttpClientImpl(1) next expired: 0
2022-06-12 04:52:07,976 DEBUG [HttpClient-1-SelectorManager] debug: [HttpClient-1-SelectorManager] [3855s 189ms] HttpClientImpl(1) Next deadline is 3000
2022-06-12 04:52:10,981 DEBUG [HttpClient-1-SelectorManager] debug: [HttpClient-1-SelectorManager] [3858s 191ms] HttpClientImpl(1) next timeout: 0
2022-06-12 04:52:10,982 DEBUG [HttpClient-1-SelectorManager] debug: [HttpClient-1-SelectorManager] [3858s 192ms] HttpClientImpl(1) next expired: 0
2022-06-12 04:52:10,982 DEBUG [HttpClient-1-SelectorManager] debug: [HttpClient-1-SelectorManager] [3858s 193ms] HttpClientImpl(1) Next deadline is 3000
2022-06-12 04:52:13,987 DEBUG [HttpClient-1-SelectorManager] debug: [HttpClient-1-SelectorManager] [3861s 195ms] HttpClientImpl(1) next timeout: 0
2022-06-12 04:52:13,988 DEBUG [HttpClient-1-SelectorManager] debug: [HttpClient-1-SelectorManager] [3861s 196ms] HttpClientImpl(1) next expired: 0
2022-06-12 04:52:13,988 DEBUG [HttpClient-1-SelectorManager] debug: [HttpClient-1-SelectorManager] [3861s 196ms] HttpClientImpl(1) Next deadline is 3000
2022-06-12 04:52:16,991 DEBUG [HttpClient-1-SelectorManager] debug: [HttpClient-1-SelectorManager] [3864s 197ms] HttpClientImpl(1) next timeout: 0
2022-06-12 04:52:16,992 DEBUG [HttpClient-1-SelectorManager] debug: [HttpClient-1-SelectorManager] [3864s 198ms] HttpClientImpl(1) next expired: 0
2022-06-12 04:52:16,992 DEBUG [HttpClient-1-SelectorManager] debug: [HttpClient-1-SelectorManager] [3864s 198ms] HttpClientImpl(1) Next deadline is 3000
2022-06-12 05:08:37,183 DEBUG [HttpClient-1-SelectorManager] debug: [HttpClient-1-SelectorManager] [3867s 201ms] HttpClientImpl(1) next timeout: 0
2022-06-12 05:08:37,184 DEBUG [HttpClient-1-SelectorManager] debug: [HttpClient-1-SelectorManager] [3867s 203ms] HttpClientImpl(1) next expired: 0
2022-06-12 05:08:37,184 DEBUG [HttpClient-1-SelectorManager] debug: [HttpClient-1-SelectorManager] [3867s 203ms] HttpClientImpl(1) Next deadline is 3000
2022-06-12 05:08:37,972 WARN  [Hikari housekeeper] HikariPool: Hikari - Thread starvation or clock leap detected (housekeeper delta=33m22s903ms).
2022-06-12 05:08:40,184 DEBUG [HttpClient-1-SelectorManager] debug: [HttpClient-1-SelectorManager] [3870s 204ms] HttpClientImpl(1) next timeout: 0
2022-06-12 05:08:40,185 DEBUG [HttpClient-1-SelectorManager] debug: [HttpClient-1-SelectorManager] [3870s 205ms] HttpClientImpl(1) next expired: 0
2022-06-12 05:08:40,185 DEBUG [HttpClient-1-SelectorManager] debug: [HttpClient-1-SelectorManager] [3870s 205ms] HttpClientImpl(1) Next deadline is 3000
2022-06-12 05:08:43,180 DEBUG [HttpClient-1-SelectorManager] debug: [HttpClient-1-SelectorManager] [3873s 206ms] HttpClientImpl(1) next timeout: 0
2022-06-12 05:08:43,181 DEBUG [HttpClient-1-SelectorManager] debug: [HttpClient-1-SelectorManager] [3873s 207ms] HttpClientImpl(1) next expired: 0
2022-06-12 05:08:43,181 DEBUG [HttpClient-1-SelectorManager] debug: [HttpClient-1-SelectorManager] [3873s 208ms] HttpClientImpl(1) Next deadline is 3000
2022-06-12 05:08:46,178 DEBUG [HttpClient-1-SelectorManager] debug: [HttpClient-1-SelectorManager] [3876s 209ms] HttpClientImpl(1) next timeout: 0
2022-06-12 05:08:46,178 DEBUG [HttpClient-1-SelectorManager] debug: [HttpClient-1-SelectorManager] [3876s 209ms] HttpClientImpl(1) next expired: 0
2022-06-12 05:08:46,178 DEBUG [HttpClient-1-SelectorManager] debug: [HttpClient-1-SelectorManager] [3876s 210ms] HttpClientImpl(1) Next deadline is 3000
2022-06-12 05:08:49,175 DEBUG [HttpClient-1-SelectorManager] debug: [HttpClient-1-SelectorManager] [3879s 210ms] HttpClientImpl(1) next timeout: 0
2022-06-12 05:08:49,176 DEBUG [HttpClient-1-SelectorManager] debug: [HttpClient-1-SelectorManager] [3879s 212ms] HttpClientImpl(1) next expired: 0
2022-06-12 05:08:49,177 DEBUG [HttpClient-1-SelectorManager] debug: [HttpClient-1-SelectorManager] [3879s 212ms] HttpClientImpl(1) Next deadline is 3000
2022-06-12 05:24:39,465 DEBUG [HttpClient-1-SelectorManager] debug: [HttpClient-1-SelectorManager] [3882s 212ms] HttpClientImpl(1) next timeout: 0
2022-06-12 05:24:39,466 DEBUG [HttpClient-1-SelectorManager] debug: [HttpClient-1-SelectorManager] [3882s 213ms] HttpClientImpl(1) next expired: 0
2022-06-12 05:24:39,466 DEBUG [HttpClient-1-SelectorManager] debug: [HttpClient-1-SelectorManager] [3882s 213ms] HttpClientImpl(1) Next deadline is 3000
2022-06-12 05:24:42,465 DEBUG [HttpClient-1-SelectorManager] debug: [HttpClient-1-SelectorManager] [3885s 216ms] HttpClientImpl(1) next timeout: 0
2022-06-12 05:24:42,466 DEBUG [HttpClient-1-SelectorManager] debug: [HttpClient-1-SelectorManager] [3885s 217ms] HttpClientImpl(1) next expired: 0
2022-06-12 05:24:42,466 DEBUG [HttpClient-1-SelectorManager] debug: [HttpClient-1-SelectorManager] [3885s 217ms] HttpClientImpl(1) Next deadline is 3000
2022-06-12 05:40:03,356 DEBUG [HttpClient-1-SelectorManager] debug: [HttpClient-1-SelectorManager] [3888s 219ms] HttpClientImpl(1) next timeout: 0
2022-06-12 05:40:03,357 DEBUG [HttpClient-1-SelectorManager] debug: [HttpClient-1-SelectorManager] [3888s 219ms] HttpClientImpl(1) next expired: 0
2022-06-12 05:40:03,357 DEBUG [HttpClient-1-SelectorManager] debug: [HttpClient-1-SelectorManager] [3888s 220ms] HttpClientImpl(1) Next deadline is 3000
2022-06-12 05:40:06,358 DEBUG [HttpClient-1-SelectorManager] debug: [HttpClient-1-SelectorManager] [3891s 222ms] HttpClientImpl(1) next timeout: 0
2022-06-12 05:40:06,366 DEBUG [HttpClient-1-SelectorManager] debug: [HttpClient-1-SelectorManager] [3891s 231ms] HttpClientImpl(1) next expired: 0
2022-06-12 05:40:06,366 DEBUG [HttpClient-1-SelectorManager] debug: [HttpClient-1-SelectorManager] [3891s 231ms] HttpClientImpl(1) Next deadline is 3000
2022-06-12 05:56:58,130 DEBUG [HttpClient-1-SelectorManager] debug: [HttpClient-1-SelectorManager] [3894s 232ms] HttpClientImpl(1) next timeout: 0
2022-06-12 05:56:58,141 DEBUG [HttpClient-1-SelectorManager] debug: [HttpClient-1-SelectorManager] [3894s 243ms] HttpClientImpl(1) next expired: 0
2022-06-12 05:56:58,141 DEBUG [HttpClient-1-SelectorManager] debug: [HttpClient-1-SelectorManager] [3894s 243ms] HttpClientImpl(1) Next deadline is 3000
2022-06-12 05:57:01,143 DEBUG [HttpClient-1-SelectorManager] debug: [HttpClient-1-SelectorManager] [3897s 246ms] HttpClientImpl(1) next timeout: 0
2022-06-12 05:57:01,144 DEBUG [HttpClient-1-SelectorManager] debug: [HttpClient-1-SelectorManager] [3897s 247ms] HttpClientImpl(1) next expired: 0
2022-06-12 05:57:01,146 DEBUG [HttpClient-1-SelectorManager] debug: [HttpClient-1-SelectorManager] [3897s 248ms] HttpClientImpl(1) Next deadline is 3000
2022-06-12 05:57:01,901 WARN  [Hikari housekeeper] HikariPool: Hikari - Thread starvation or clock leap detected (housekeeper delta=48m23s927ms).
2022-06-12 06:12:24,998 DEBUG [HttpClient-1-SelectorManager] debug: [HttpClient-1-SelectorManager] [3900s 250ms] HttpClientImpl(1) next timeout: 0
2022-06-12 06:12:25,009 DEBUG [HttpClient-1-SelectorManager] debug: [HttpClient-1-SelectorManager] [3900s 262ms] HttpClientImpl(1) next expired: 0
2022-06-12 06:12:25,010 DEBUG [HttpClient-1-SelectorManager] debug: [HttpClient-1-SelectorManager] [3900s 262ms] HttpClientImpl(1) Next deadline is 3000
2022-06-12 06:12:28,017 DEBUG [HttpClient-1-SelectorManager] debug: [HttpClient-1-SelectorManager] [3903s 268ms] HttpClientImpl(1) next timeout: 0
2022-06-12 06:12:28,022 DEBUG [HttpClient-1-SelectorManager] debug: [HttpClient-1-SelectorManager] [3903s 273ms] HttpClientImpl(1) next expired: 0
2022-06-12 06:12:28,022 DEBUG [HttpClient-1-SelectorManager] debug: [HttpClient-1-SelectorManager] [3903s 273ms] HttpClientImpl(1) Next deadline is 3000
2022-06-12 06:12:31,026 DEBUG [HttpClient-1-SelectorManager] debug: [HttpClient-1-SelectorManager] [3906s 276ms] HttpClientImpl(1) next timeout: 0
2022-06-12 06:12:31,027 DEBUG [HttpClient-1-SelectorManager] debug: [HttpClient-1-SelectorManager] [3906s 276ms] HttpClientImpl(1) next expired: 0
2022-06-12 06:12:31,027 DEBUG [HttpClient-1-SelectorManager] debug: [HttpClient-1-SelectorManager] [3906s 276ms] HttpClientImpl(1) Next deadline is 3000
2022-06-12 06:28:35,423 DEBUG [HttpClient-1-SelectorManager] debug: [HttpClient-1-SelectorManager] [3909s 279ms] HttpClientImpl(1) next timeout: 0
2022-06-12 06:28:35,424 DEBUG [HttpClient-1-SelectorManager] debug: [HttpClient-1-SelectorManager] [3909s 280ms] HttpClientImpl(1) next expired: 0
2022-06-12 06:28:35,424 DEBUG [HttpClient-1-SelectorManager] debug: [HttpClient-1-SelectorManager] [3909s 280ms] HttpClientImpl(1) Next deadline is 3000
2022-06-12 06:28:38,426 DEBUG [HttpClient-1-SelectorManager] debug: [HttpClient-1-SelectorManager] [3912s 285ms] HttpClientImpl(1) next timeout: 0
2022-06-12 06:28:38,427 DEBUG [HttpClient-1-SelectorManager] debug: [HttpClient-1-SelectorManager] [3912s 286ms] HttpClientImpl(1) next expired: 0
2022-06-12 06:28:38,427 DEBUG [HttpClient-1-SelectorManager] debug: [HttpClient-1-SelectorManager] [3912s 286ms] HttpClientImpl(1) Next deadline is 3000
2022-06-12 06:46:03,858 DEBUG [HttpClient-1-SelectorManager] debug: [HttpClient-1-SelectorManager] [3915s 458ms] HttpClientImpl(1) next timeout: 0
2022-06-12 06:46:03,859 DEBUG [HttpClient-1-SelectorManager] debug: [HttpClient-1-SelectorManager] [3915s 459ms] HttpClientImpl(1) next expired: 0
2022-06-12 06:46:03,860 DEBUG [HttpClient-1-SelectorManager] debug: [HttpClient-1-SelectorManager] [3915s 460ms] HttpClientImpl(1) Next deadline is 3000
2022-06-12 06:46:06,859 DEBUG [HttpClient-1-SelectorManager] debug: [HttpClient-1-SelectorManager] [3918s 463ms] HttpClientImpl(1) next timeout: 0
2022-06-12 06:46:06,862 DEBUG [HttpClient-1-SelectorManager] debug: [HttpClient-1-SelectorManager] [3918s 466ms] HttpClientImpl(1) next expired: 0
2022-06-12 06:46:06,862 DEBUG [HttpClient-1-SelectorManager] debug: [HttpClient-1-SelectorManager] [3918s 466ms] HttpClientImpl(1) Next deadline is 3000
2022-06-12 07:01:33,306 DEBUG [HttpClient-1-SelectorManager] debug: [HttpClient-1-SelectorManager] [3921s 469ms] HttpClientImpl(1) next timeout: 0
2022-06-12 07:01:33,306 DEBUG [HttpClient-1-SelectorManager] debug: [HttpClient-1-SelectorManager] [3921s 469ms] HttpClientImpl(1) next expired: 0
2022-06-12 07:01:33,306 DEBUG [HttpClient-1-SelectorManager] debug: [HttpClient-1-SelectorManager] [3921s 469ms] HttpClientImpl(1) Next deadline is 3000
2022-06-12 07:01:36,380 DEBUG [HttpClient-1-SelectorManager] debug: [HttpClient-1-SelectorManager] [3924s 471ms] HttpClientImpl(1) next timeout: 0
2022-06-12 07:01:36,382 DEBUG [HttpClient-1-SelectorManager] debug: [HttpClient-1-SelectorManager] [3924s 473ms] HttpClientImpl(1) next expired: 0
2022-06-12 07:01:36,382 DEBUG [HttpClient-1-SelectorManager] debug: [HttpClient-1-SelectorManager] [3924s 473ms] HttpClientImpl(1) Next deadline is 3000
2022-06-12 07:18:06,308 DEBUG [HttpClient-1-SelectorManager] debug: [HttpClient-1-SelectorManager] [3927s 485ms] HttpClientImpl(1) next timeout: 0
2022-06-12 07:18:06,308 DEBUG [HttpClient-1-SelectorManager] debug: [HttpClient-1-SelectorManager] [3927s 486ms] HttpClientImpl(1) next expired: 0
2022-06-12 07:18:06,308 DEBUG [HttpClient-1-SelectorManager] debug: [HttpClient-1-SelectorManager] [3927s 486ms] HttpClientImpl(1) Next deadline is 3000
2022-06-12 07:18:06,840 WARN  [Hikari housekeeper] HikariPool: Hikari - Thread starvation or clock leap detected (housekeeper delta=1h21m4s940ms).
2022-06-12 07:18:09,312 DEBUG [HttpClient-1-SelectorManager] debug: [HttpClient-1-SelectorManager] [3930s 489ms] HttpClientImpl(1) next timeout: 0
2022-06-12 07:18:09,313 DEBUG [HttpClient-1-SelectorManager] debug: [HttpClient-1-SelectorManager] [3930s 490ms] HttpClientImpl(1) next expired: 0
2022-06-12 07:18:09,313 DEBUG [HttpClient-1-SelectorManager] debug: [HttpClient-1-SelectorManager] [3930s 490ms] HttpClientImpl(1) Next deadline is 3000
2022-06-12 07:35:32,078 DEBUG [HttpClient-1-SelectorManager] debug: [HttpClient-1-SelectorManager] [3933s 493ms] HttpClientImpl(1) next timeout: 0
2022-06-12 07:35:32,097 DEBUG [HttpClient-1-SelectorManager] debug: [HttpClient-1-SelectorManager] [3933s 512ms] HttpClientImpl(1) next expired: 0
2022-06-12 07:35:32,097 DEBUG [HttpClient-1-SelectorManager] debug: [HttpClient-1-SelectorManager] [3933s 513ms] HttpClientImpl(1) Next deadline is 3000
2022-06-12 07:35:35,098 DEBUG [HttpClient-1-SelectorManager] debug: [HttpClient-1-SelectorManager] [3936s 515ms] HttpClientImpl(1) next timeout: 0
2022-06-12 07:35:35,098 DEBUG [HttpClient-1-SelectorManager] debug: [HttpClient-1-SelectorManager] [3936s 516ms] HttpClientImpl(1) next expired: 0
2022-06-12 07:35:35,099 DEBUG [HttpClient-1-SelectorManager] debug: [HttpClient-1-SelectorManager] [3936s 516ms] HttpClientImpl(1) Next deadline is 3000
2022-06-12 07:35:38,101 DEBUG [HttpClient-1-SelectorManager] debug: [HttpClient-1-SelectorManager] [3939s 521ms] HttpClientImpl(1) next timeout: 0
2022-06-12 07:35:38,102 DEBUG [HttpClient-1-SelectorManager] debug: [HttpClient-1-SelectorManager] [3939s 522ms] HttpClientImpl(1) next expired: 0
2022-06-12 07:35:38,103 DEBUG [HttpClient-1-SelectorManager] debug: [HttpClient-1-SelectorManager] [3939s 523ms] HttpClientImpl(1) Next deadline is 3000
2022-06-12 07:51:52,349 DEBUG [HttpClient-1-SelectorManager] debug: [HttpClient-1-SelectorManager] [3942s 525ms] HttpClientImpl(1) next timeout: 0
2022-06-12 07:51:52,349 DEBUG [HttpClient-1-SelectorManager] debug: [HttpClient-1-SelectorManager] [3942s 525ms] HttpClientImpl(1) next expired: 0
2022-06-12 07:51:52,349 DEBUG [HttpClient-1-SelectorManager] debug: [HttpClient-1-SelectorManager] [3942s 525ms] HttpClientImpl(1) Next deadline is 3000
2022-06-12 07:51:55,350 DEBUG [HttpClient-1-SelectorManager] debug: [HttpClient-1-SelectorManager] [3945s 526ms] HttpClientImpl(1) next timeout: 0
2022-06-12 07:51:55,351 DEBUG [HttpClient-1-SelectorManager] debug: [HttpClient-1-SelectorManager] [3945s 527ms] HttpClientImpl(1) next expired: 0
2022-06-12 07:51:55,351 DEBUG [HttpClient-1-SelectorManager] debug: [HttpClient-1-SelectorManager] [3945s 527ms] HttpClientImpl(1) Next deadline is 3000
2022-06-12 07:51:58,355 DEBUG [HttpClient-1-SelectorManager] debug: [HttpClient-1-SelectorManager] [3948s 531ms] HttpClientImpl(1) next timeout: 0
2022-06-12 07:51:58,356 DEBUG [HttpClient-1-SelectorManager] debug: [HttpClient-1-SelectorManager] [3948s 532ms] HttpClientImpl(1) next expired: 0
2022-06-12 07:51:58,356 DEBUG [HttpClient-1-SelectorManager] debug: [HttpClient-1-SelectorManager] [3948s 532ms] HttpClientImpl(1) Next deadline is 3000
2022-06-12 08:07:33,043 DEBUG [HttpClient-1-SelectorManager] debug: [HttpClient-1-SelectorManager] [3951s 534ms] HttpClientImpl(1) next timeout: 0
2022-06-12 08:07:33,044 DEBUG [HttpClient-1-SelectorManager] debug: [HttpClient-1-SelectorManager] [3951s 535ms] HttpClientImpl(1) next expired: 0
2022-06-12 08:07:33,045 DEBUG [HttpClient-1-SelectorManager] debug: [HttpClient-1-SelectorManager] [3951s 535ms] HttpClientImpl(1) Next deadline is 3000
2022-06-12 08:07:36,054 DEBUG [HttpClient-1-SelectorManager] debug: [HttpClient-1-SelectorManager] [3954s 538ms] HttpClientImpl(1) next timeout: 0
2022-06-12 08:07:36,054 DEBUG [HttpClient-1-SelectorManager] debug: [HttpClient-1-SelectorManager] [3954s 539ms] HttpClientImpl(1) next expired: 0
2022-06-12 08:07:36,055 DEBUG [HttpClient-1-SelectorManager] debug: [HttpClient-1-SelectorManager] [3954s 540ms] HttpClientImpl(1) Next deadline is 3000
2022-06-12 08:11:18,711 DEBUG [HttpClient-1-SelectorManager] debug: [HttpClient-1-SelectorManager] [3957s 787ms] HttpClientImpl(1) next timeout: 0
2022-06-12 08:11:18,877 DEBUG [HttpClient-1-SelectorManager] debug: [HttpClient-1-SelectorManager] [3957s 953ms] HttpClientImpl(1) next expired: 0
2022-06-12 08:11:18,877 DEBUG [HttpClient-1-SelectorManager] debug: [HttpClient-1-SelectorManager] [3957s 953ms] HttpClientImpl(1) Next deadline is 3000
2022-06-12 08:11:18,948 WARN  [Hikari housekeeper] HikariPool: Hikari - Thread starvation or clock leap detected (housekeeper delta=53m12s109ms).
2022-06-12 08:11:21,885 DEBUG [HttpClient-1-SelectorManager] debug: [HttpClient-1-SelectorManager] [3960s 956ms] HttpClientImpl(1) next timeout: 0
2022-06-12 08:11:21,886 DEBUG [HttpClient-1-SelectorManager] debug: [HttpClient-1-SelectorManager] [3960s 957ms] HttpClientImpl(1) next expired: 0
2022-06-12 08:11:21,887 DEBUG [HttpClient-1-SelectorManager] debug: [HttpClient-1-SelectorManager] [3960s 957ms] HttpClientImpl(1) Next deadline is 3000
2022-06-12 08:11:24,893 DEBUG [HttpClient-1-SelectorManager] debug: [HttpClient-1-SelectorManager] [3963s 960ms] HttpClientImpl(1) next timeout: 0
2022-06-12 08:11:24,894 DEBUG [HttpClient-1-SelectorManager] debug: [HttpClient-1-SelectorManager] [3963s 961ms] HttpClientImpl(1) next expired: 0
2022-06-12 08:11:24,895 DEBUG [HttpClient-1-SelectorManager] debug: [HttpClient-1-SelectorManager] [3963s 962ms] HttpClientImpl(1) Next deadline is 3000
2022-06-12 08:12:01,105 DEBUG [HttpClient-1-SelectorManager] debug: [HttpClient-1-SelectorManager] [3966s 963ms] HttpClientImpl(1) next timeout: 0
2022-06-12 08:12:01,106 DEBUG [HttpClient-1-SelectorManager] debug: [HttpClient-1-SelectorManager] [3966s 965ms] HttpClientImpl(1) next expired: 0
2022-06-12 08:12:01,107 DEBUG [HttpClient-1-SelectorManager] debug: [HttpClient-1-SelectorManager] [3966s 965ms] HttpClientImpl(1) Next deadline is 3000
2022-06-12 08:12:04,114 DEBUG [HttpClient-1-SelectorManager] debug: [HttpClient-1-SelectorManager] [3969s 968ms] HttpClientImpl(1) next timeout: 0
2022-06-12 08:12:04,116 DEBUG [HttpClient-1-SelectorManager] debug: [HttpClient-1-SelectorManager] [3969s 970ms] HttpClientImpl(1) next expired: 0
2022-06-12 08:12:04,116 DEBUG [HttpClient-1-SelectorManager] debug: [HttpClient-1-SelectorManager] [3969s 970ms] HttpClientImpl(1) Next deadline is 3000
2022-06-12 08:18:15,536 DEBUG [HttpClient-1-SelectorManager] debug: [HttpClient-1-SelectorManager] [3972s 971ms] HttpClientImpl(1) next timeout: 0
2022-06-12 08:18:15,537 DEBUG [HttpClient-1-SelectorManager] debug: [HttpClient-1-SelectorManager] [3972s 972ms] HttpClientImpl(1) next expired: 0
2022-06-12 08:18:15,541 DEBUG [HttpClient-1-SelectorManager] debug: [HttpClient-1-SelectorManager] [3972s 976ms] HttpClientImpl(1) Next deadline is 3000
2022-06-12 08:18:18,544 DEBUG [HttpClient-1-SelectorManager] debug: [HttpClient-1-SelectorManager] [3975s 979ms] HttpClientImpl(1) next timeout: 0
2022-06-12 08:18:18,547 DEBUG [HttpClient-1-SelectorManager] debug: [HttpClient-1-SelectorManager] [3975s 982ms] HttpClientImpl(1) next expired: 0
2022-06-12 08:18:18,547 DEBUG [HttpClient-1-SelectorManager] debug: [HttpClient-1-SelectorManager] [3975s 983ms] HttpClientImpl(1) Next deadline is 3000
2022-06-12 08:18:21,547 DEBUG [HttpClient-1-SelectorManager] debug: [HttpClient-1-SelectorManager] [3978s 984ms] HttpClientImpl(1) next timeout: 0
2022-06-12 08:18:21,548 DEBUG [HttpClient-1-SelectorManager] debug: [HttpClient-1-SelectorManager] [3978s 985ms] HttpClientImpl(1) next expired: 0
2022-06-12 08:18:21,548 DEBUG [HttpClient-1-SelectorManager] debug: [HttpClient-1-SelectorManager] [3978s 985ms] HttpClientImpl(1) Next deadline is 3000
2022-06-12 08:18:24,547 DEBUG [HttpClient-1-SelectorManager] debug: [HttpClient-1-SelectorManager] [3981s 986ms] HttpClientImpl(1) next timeout: 0
2022-06-12 08:18:24,548 DEBUG [HttpClient-1-SelectorManager] debug: [HttpClient-1-SelectorManager] [3981s 987ms] HttpClientImpl(1) next expired: 0
2022-06-12 08:18:24,548 DEBUG [HttpClient-1-SelectorManager] debug: [HttpClient-1-SelectorManager] [3981s 987ms] HttpClientImpl(1) Next deadline is 3000
2022-06-12 08:18:27,548 DEBUG [HttpClient-1-SelectorManager] debug: [HttpClient-1-SelectorManager] [3984s 988ms] HttpClientImpl(1) next timeout: 0
2022-06-12 08:18:27,549 DEBUG [HttpClient-1-SelectorManager] debug: [HttpClient-1-SelectorManager] [3984s 989ms] HttpClientImpl(1) next expired: 0
2022-06-12 08:18:27,549 DEBUG [HttpClient-1-SelectorManager] debug: [HttpClient-1-SelectorManager] [3984s 989ms] HttpClientImpl(1) Next deadline is 3000
2022-06-12 08:18:30,550 DEBUG [HttpClient-1-SelectorManager] debug: [HttpClient-1-SelectorManager] [3987s 991ms] HttpClientImpl(1) next timeout: 0
2022-06-12 08:18:30,605 DEBUG [HttpClient-1-SelectorManager] debug: [HttpClient-1-SelectorManager] [3988s 46ms] HttpClientImpl(1) next expired: 0
2022-06-12 08:18:30,616 DEBUG [HttpClient-1-SelectorManager] debug: [HttpClient-1-SelectorManager] [3988s 47ms] HttpClientImpl(1) Next deadline is 3000
2022-06-12 08:18:30,810 WARN  [Hikari housekeeper] HikariPool: Hikari - Thread starvation or clock leap detected (housekeeper delta=7m11s855ms).
2022-06-12 08:18:33,665 DEBUG [HttpClient-1-SelectorManager] debug: [HttpClient-1-SelectorManager] [3991s 107ms] HttpClientImpl(1) next timeout: 0
2022-06-12 08:18:33,670 DEBUG [HttpClient-1-SelectorManager] debug: [HttpClient-1-SelectorManager] [3991s 113ms] HttpClientImpl(1) next expired: 0
2022-06-12 08:18:33,670 DEBUG [HttpClient-1-SelectorManager] debug: [HttpClient-1-SelectorManager] [3991s 113ms] HttpClientImpl(1) Next deadline is 3000
2022-06-12 08:18:36,671 DEBUG [HttpClient-1-SelectorManager] debug: [HttpClient-1-SelectorManager] [3994s 115ms] HttpClientImpl(1) next timeout: 0
2022-06-12 08:18:36,673 DEBUG [HttpClient-1-SelectorManager] debug: [HttpClient-1-SelectorManager] [3994s 117ms] HttpClientImpl(1) next expired: 0
2022-06-12 08:18:36,674 DEBUG [HttpClient-1-SelectorManager] debug: [HttpClient-1-SelectorManager] [3994s 117ms] HttpClientImpl(1) Next deadline is 3000
2022-06-12 08:18:39,678 DEBUG [HttpClient-1-SelectorManager] debug: [HttpClient-1-SelectorManager] [3997s 122ms] HttpClientImpl(1) next timeout: 0
2022-06-12 08:18:39,679 DEBUG [HttpClient-1-SelectorManager] debug: [HttpClient-1-SelectorManager] [3997s 123ms] HttpClientImpl(1) next expired: 0
2022-06-12 08:18:39,679 DEBUG [HttpClient-1-SelectorManager] debug: [HttpClient-1-SelectorManager] [3997s 123ms] HttpClientImpl(1) Next deadline is 3000
2022-06-12 08:18:42,681 DEBUG [HttpClient-1-SelectorManager] debug: [HttpClient-1-SelectorManager] [4000s 125ms] HttpClientImpl(1) next timeout: 0
2022-06-12 08:18:42,682 DEBUG [HttpClient-1-SelectorManager] debug: [HttpClient-1-SelectorManager] [4000s 127ms] HttpClientImpl(1) next expired: 0
2022-06-12 08:18:42,683 DEBUG [HttpClient-1-SelectorManager] debug: [HttpClient-1-SelectorManager] [4000s 128ms] HttpClientImpl(1) Next deadline is 3000
2022-06-12 08:18:45,683 DEBUG [HttpClient-1-SelectorManager] debug: [HttpClient-1-SelectorManager] [4003s 128ms] HttpClientImpl(1) next timeout: 0
2022-06-12 08:18:45,683 DEBUG [HttpClient-1-SelectorManager] debug: [HttpClient-1-SelectorManager] [4003s 129ms] HttpClientImpl(1) next expired: 0
2022-06-12 08:18:45,684 DEBUG [HttpClient-1-SelectorManager] debug: [HttpClient-1-SelectorManager] [4003s 129ms] HttpClientImpl(1) Next deadline is 3000
2022-06-12 08:18:48,684 DEBUG [HttpClient-1-SelectorManager] debug: [HttpClient-1-SelectorManager] [4006s 130ms] HttpClientImpl(1) next timeout: 0
2022-06-12 08:18:48,685 DEBUG [HttpClient-1-SelectorManager] debug: [HttpClient-1-SelectorManager] [4006s 130ms] HttpClientImpl(1) next expired: 0
2022-06-12 08:18:48,685 DEBUG [HttpClient-1-SelectorManager] debug: [HttpClient-1-SelectorManager] [4006s 131ms] HttpClientImpl(1) Next deadline is 3000
2022-06-12 08:18:51,686 DEBUG [HttpClient-1-SelectorManager] debug: [HttpClient-1-SelectorManager] [4009s 132ms] HttpClientImpl(1) next timeout: 0
2022-06-12 08:18:51,686 DEBUG [HttpClient-1-SelectorManager] debug: [HttpClient-1-SelectorManager] [4009s 133ms] HttpClientImpl(1) next expired: 0
2022-06-12 08:18:51,687 DEBUG [HttpClient-1-SelectorManager] debug: [HttpClient-1-SelectorManager] [4009s 133ms] HttpClientImpl(1) Next deadline is 3000
2022-06-12 08:18:54,689 DEBUG [HttpClient-1-SelectorManager] debug: [HttpClient-1-SelectorManager] [4012s 135ms] HttpClientImpl(1) next timeout: 0
2022-06-12 08:18:54,690 DEBUG [HttpClient-1-SelectorManager] debug: [HttpClient-1-SelectorManager] [4012s 136ms] HttpClientImpl(1) next expired: 0
2022-06-12 08:18:54,690 DEBUG [HttpClient-1-SelectorManager] debug: [HttpClient-1-SelectorManager] [4012s 136ms] HttpClientImpl(1) Next deadline is 3000
2022-06-12 08:18:57,691 DEBUG [HttpClient-1-SelectorManager] debug: [HttpClient-1-SelectorManager] [4015s 137ms] HttpClientImpl(1) next timeout: 0
2022-06-12 08:18:57,692 DEBUG [HttpClient-1-SelectorManager] debug: [HttpClient-1-SelectorManager] [4015s 139ms] HttpClientImpl(1) next expired: 0
2022-06-12 08:18:57,692 DEBUG [HttpClient-1-SelectorManager] debug: [HttpClient-1-SelectorManager] [4015s 139ms] HttpClientImpl(1) Next deadline is 3000
2022-06-12 08:19:00,693 DEBUG [HttpClient-1-SelectorManager] debug: [HttpClient-1-SelectorManager] [4018s 140ms] HttpClientImpl(1) next timeout: 0
2022-06-12 08:19:00,694 DEBUG [HttpClient-1-SelectorManager] debug: [HttpClient-1-SelectorManager] [4018s 141ms] HttpClientImpl(1) next expired: 0
2022-06-12 08:19:00,694 DEBUG [HttpClient-1-SelectorManager] debug: [HttpClient-1-SelectorManager] [4018s 141ms] HttpClientImpl(1) Next deadline is 3000
2022-06-12 08:19:03,696 DEBUG [HttpClient-1-SelectorManager] debug: [HttpClient-1-SelectorManager] [4021s 142ms] HttpClientImpl(1) next timeout: 0
2022-06-12 08:19:03,696 DEBUG [HttpClient-1-SelectorManager] debug: [HttpClient-1-SelectorManager] [4021s 143ms] HttpClientImpl(1) next expired: 0
2022-06-12 08:19:03,697 DEBUG [HttpClient-1-SelectorManager] debug: [HttpClient-1-SelectorManager] [4021s 144ms] HttpClientImpl(1) Next deadline is 3000
2022-06-12 08:19:06,698 DEBUG [HttpClient-1-SelectorManager] debug: [HttpClient-1-SelectorManager] [4024s 145ms] HttpClientImpl(1) next timeout: 0
2022-06-12 08:19:06,701 DEBUG [HttpClient-1-SelectorManager] debug: [HttpClient-1-SelectorManager] [4024s 148ms] HttpClientImpl(1) next expired: 0
2022-06-12 08:19:06,701 DEBUG [HttpClient-1-SelectorManager] debug: [HttpClient-1-SelectorManager] [4024s 149ms] HttpClientImpl(1) Next deadline is 3000
2022-06-12 08:19:09,705 DEBUG [HttpClient-1-SelectorManager] debug: [HttpClient-1-SelectorManager] [4027s 152ms] HttpClientImpl(1) next timeout: 0
2022-06-12 08:19:09,706 DEBUG [HttpClient-1-SelectorManager] debug: [HttpClient-1-SelectorManager] [4027s 153ms] HttpClientImpl(1) next expired: 0
2022-06-12 08:19:09,706 DEBUG [HttpClient-1-SelectorManager] debug: [HttpClient-1-SelectorManager] [4027s 153ms] HttpClientImpl(1) Next deadline is 3000
2022-06-12 08:19:12,708 DEBUG [HttpClient-1-SelectorManager] debug: [HttpClient-1-SelectorManager] [4030s 155ms] HttpClientImpl(1) next timeout: 0
2022-06-12 08:19:12,709 DEBUG [HttpClient-1-SelectorManager] debug: [HttpClient-1-SelectorManager] [4030s 156ms] HttpClientImpl(1) next expired: 0
2022-06-12 08:19:12,709 DEBUG [HttpClient-1-SelectorManager] debug: [HttpClient-1-SelectorManager] [4030s 157ms] HttpClientImpl(1) Next deadline is 3000
2022-06-12 08:19:15,712 DEBUG [HttpClient-1-SelectorManager] debug: [HttpClient-1-SelectorManager] [4033s 159ms] HttpClientImpl(1) next timeout: 0
2022-06-12 08:19:15,713 DEBUG [HttpClient-1-SelectorManager] debug: [HttpClient-1-SelectorManager] [4033s 161ms] HttpClientImpl(1) next expired: 0
2022-06-12 08:19:15,713 DEBUG [HttpClient-1-SelectorManager] debug: [HttpClient-1-SelectorManager] [4033s 161ms] HttpClientImpl(1) Next deadline is 3000
2022-06-12 08:19:18,715 DEBUG [HttpClient-1-SelectorManager] debug: [HttpClient-1-SelectorManager] [4036s 162ms] HttpClientImpl(1) next timeout: 0
2022-06-12 08:19:18,717 DEBUG [HttpClient-1-SelectorManager] debug: [HttpClient-1-SelectorManager] [4036s 165ms] HttpClientImpl(1) next expired: 0
2022-06-12 08:19:18,717 DEBUG [HttpClient-1-SelectorManager] debug: [HttpClient-1-SelectorManager] [4036s 165ms] HttpClientImpl(1) Next deadline is 3000
2022-06-12 08:19:21,719 DEBUG [HttpClient-1-SelectorManager] debug: [HttpClient-1-SelectorManager] [4039s 166ms] HttpClientImpl(1) next timeout: 0
2022-06-12 08:19:21,719 DEBUG [HttpClient-1-SelectorManager] debug: [HttpClient-1-SelectorManager] [4039s 167ms] HttpClientImpl(1) next expired: 0
2022-06-12 08:19:21,719 DEBUG [HttpClient-1-SelectorManager] debug: [HttpClient-1-SelectorManager] [4039s 167ms] HttpClientImpl(1) Next deadline is 3000
2022-06-12 08:19:24,722 DEBUG [HttpClient-1-SelectorManager] debug: [HttpClient-1-SelectorManager] [4042s 169ms] HttpClientImpl(1) next timeout: 0
2022-06-12 08:19:24,722 DEBUG [HttpClient-1-SelectorManager] debug: [HttpClient-1-SelectorManager] [4042s 169ms] HttpClientImpl(1) next expired: 0
2022-06-12 08:19:24,722 DEBUG [HttpClient-1-SelectorManager] debug: [HttpClient-1-SelectorManager] [4042s 170ms] HttpClientImpl(1) Next deadline is 3000
2022-06-12 08:19:27,723 DEBUG [HttpClient-1-SelectorManager] debug: [HttpClient-1-SelectorManager] [4045s 171ms] HttpClientImpl(1) next timeout: 0
2022-06-12 08:19:27,723 DEBUG [HttpClient-1-SelectorManager] debug: [HttpClient-1-SelectorManager] [4045s 171ms] HttpClientImpl(1) next expired: 0
2022-06-12 08:19:27,723 DEBUG [HttpClient-1-SelectorManager] debug: [HttpClient-1-SelectorManager] [4045s 171ms] HttpClientImpl(1) Next deadline is 3000
